  jeu.c
C:\Users\Arthur\Documents\Programmation ESIEE-Amiens\jeu-de-la-jungle\jeu.c(85,9): warning C4101: 'j' : variable locale non référencée
C:\Users\Arthur\Documents\Programmation ESIEE-Amiens\jeu-de-la-jungle\jeu.c(85,6): warning C4101: 'i' : variable locale non référencée
C:\Users\Arthur\Documents\Programmation ESIEE-Amiens\jeu-de-la-jungle\jeu.c(195,19): warning C4047: '=' : les niveaux d'indirection de 'char' et de 'char [2]' sont différents
C:\Users\Arthur\Documents\Programmation ESIEE-Amiens\jeu-de-la-jungle\jeu.c(200,20): warning C4047: '=' : les niveaux d'indirection de 'char' et de 'char [2]' sont différents
C:\Users\Arthur\Documents\Programmation ESIEE-Amiens\jeu-de-la-jungle\jeu.c(205,20): warning C4047: '=' : les niveaux d'indirection de 'char' et de 'char [2]' sont différents
C:\Users\Arthur\Documents\Programmation ESIEE-Amiens\jeu-de-la-jungle\jeu.c(210,21): warning C4047: '=' : les niveaux d'indirection de 'char' et de 'char [2]' sont différents
C:\Users\Arthur\Documents\Programmation ESIEE-Amiens\jeu-de-la-jungle\jeu.c(215,20): warning C4047: '=' : les niveaux d'indirection de 'char' et de 'char [2]' sont différents
C:\Users\Arthur\Documents\Programmation ESIEE-Amiens\jeu-de-la-jungle\jeu.c(220,21): warning C4047: '=' : les niveaux d'indirection de 'char' et de 'char [2]' sont différents
C:\Users\Arthur\Documents\Programmation ESIEE-Amiens\jeu-de-la-jungle\jeu.c(225,21): warning C4047: '=' : les niveaux d'indirection de 'char' et de 'char [2]' sont différents
C:\Users\Arthur\Documents\Programmation ESIEE-Amiens\jeu-de-la-jungle\jeu.c(230,22): warning C4047: '=' : les niveaux d'indirection de 'char' et de 'char [2]' sont différents
C:\Users\Arthur\Documents\Programmation ESIEE-Amiens\jeu-de-la-jungle\jeu.c(235,24): warning C4047: '=' : les niveaux d'indirection de 'char' et de 'char [2]' sont différents
C:\Users\Arthur\Documents\Programmation ESIEE-Amiens\jeu-de-la-jungle\jeu.c(240,25): warning C4047: '=' : les niveaux d'indirection de 'char' et de 'char [2]' sont différents
C:\Users\Arthur\Documents\Programmation ESIEE-Amiens\jeu-de-la-jungle\jeu.c(245,21): warning C4047: '=' : les niveaux d'indirection de 'char' et de 'char [2]' sont différents
C:\Users\Arthur\Documents\Programmation ESIEE-Amiens\jeu-de-la-jungle\jeu.c(250,22): warning C4047: '=' : les niveaux d'indirection de 'char' et de 'char [2]' sont différents
C:\Users\Arthur\Documents\Programmation ESIEE-Amiens\jeu-de-la-jungle\jeu.c(255,20): warning C4047: '=' : les niveaux d'indirection de 'char' et de 'char [2]' sont différents
C:\Users\Arthur\Documents\Programmation ESIEE-Amiens\jeu-de-la-jungle\jeu.c(260,21): warning C4047: '=' : les niveaux d'indirection de 'char' et de 'char [2]' sont différents
C:\Users\Arthur\Documents\Programmation ESIEE-Amiens\jeu-de-la-jungle\jeu.c(265,24): warning C4047: '=' : les niveaux d'indirection de 'char' et de 'char [2]' sont différents
C:\Users\Arthur\Documents\Programmation ESIEE-Amiens\jeu-de-la-jungle\jeu.c(270,25): warning C4047: '=' : les niveaux d'indirection de 'char' et de 'char [2]' sont différents
  jeu-de-la-jungle.vcxproj -> C:\Users\Arthur\Documents\Programmation ESIEE-Amiens\jeu-de-la-jungle\x64\Debug\jeu-de-la-jungle.exe
